[13:02:26.690] [INFO] [36mInitializing Storybook[39m
[13:02:26.928] [DEBUG] Getting package.json info for /Users/andrewalfaro/Documents/GitHub/directus-frontend/package.json...
[13:02:26.928] [DEBUG] Getting CLI versions from NPM for storybook...
[13:02:26.928] [DEBUG] Executing command: npm info storybook version
[13:02:27.490] [INFO] Adding Storybook version 10.3.5 to your project
[13:02:27.491] [DEBUG] Project type detected: sveltekit
[13:02:27.492] [DEBUG] Using cached package.json for /Users/andrewalfaro/Documents/GitHub/directus-frontend/package.json...
[13:02:27.492] [INFO] Framework detected: sveltekit
[13:02:27.492] [DEBUG] Getting installed version for vitest...
[13:02:27.492] [DEBUG] Executing command: npm ls --json --depth=99 2>/dev/null
[13:02:27.773] [DEBUG] Executing command: npm ls --json --depth=0 2>/dev/null
[13:02:28.026] [DEBUG] Error finding installations for vitest: ExecaError: Command failed with exit code 1: npm ls --json '--depth=0' '2>/dev/null'

{
  "version": "0.0.1",
  "name": "directus-frontend"
}
[13:02:28.026] [DEBUG] No installations found for vitest
[13:02:28.026] [DEBUG] Getting installed version for msw...
[13:02:28.026] [DEBUG] Executing command: npm ls --json --depth=99 2>/dev/null
[13:02:28.274] [DEBUG] Executing command: npm ls --json --depth=0 2>/dev/null
[13:02:28.528] [DEBUG] Error finding installations for msw: ExecaError: Command failed with exit code 1: npm ls --json '--depth=0' '2>/dev/null'

{
  "version": "0.0.1",
  "name": "directus-frontend"
}
[13:02:28.528] [DEBUG] No installations found for msw
[13:02:31.467] [PROMPT] New to Storybook? {"choice":true}
[13:02:31.468] [INFO] Storybook collects completely anonymous usage telemetry. We use it to shape Storybook's roadmap and prioritize features. You can learn more, including how to opt out, at https://storybook.js.org/telemetry
[13:02:31.871] [INFO] base-generator-task-start: Generating Storybook configuration
[13:02:31.871] [DEBUG] Using cached package.json for /Users/andrewalfaro/Documents/GitHub/directus-frontend/package.json...
[13:02:31.872] [DEBUG] Using cached package.json for /Users/andrewalfaro/Documents/GitHub/directus-frontend/package.json...
[13:02:31.872] [DEBUG] Using cached package.json for /Users/andrewalfaro/Documents/GitHub/directus-frontend/package.json...
[13:02:31.872] [INFO] base-generator-task: - Configuring ESLint plugin
[13:02:31.873] [DEBUG] Detected flat config at /Users/andrewalfaro/Documents/GitHub/directus-frontend/eslint.config.js
[13:02:31.891] [DEBUG] Using cached version for storybook...
[13:02:31.891] [DEBUG] Getting CLI versions from NPM for @storybook/sveltekit...
[13:02:31.891] [DEBUG] Executing command: npm info @storybook/sveltekit version
[13:02:31.893] [DEBUG] Getting CLI versions from NPM for @storybook/addon-svelte-csf...
[13:02:31.893] [DEBUG] Executing command: npm info @storybook/addon-svelte-csf version
[13:02:31.894] [DEBUG] Getting CLI versions from NPM for @chromatic-com/storybook...
[13:02:31.894] [DEBUG] Executing command: npm info @chromatic-com/storybook version
[13:02:31.896] [DEBUG] Getting CLI versions from NPM for @storybook/addon-vitest...
[13:02:31.896] [DEBUG] Executing command: npm info @storybook/addon-vitest version
[13:02:31.898] [DEBUG] Getting CLI versions from NPM for @storybook/addon-a11y...
[13:02:31.898] [DEBUG] Executing command: npm info @storybook/addon-a11y version
[13:02:31.899] [DEBUG] Getting CLI versions from NPM for @storybook/addon-docs...
[13:02:31.899] [DEBUG] Executing command: npm info @storybook/addon-docs version
[13:02:31.900] [DEBUG] Getting CLI versions from NPM for eslint-plugin-storybook...
[13:02:31.900] [DEBUG] Executing command: npm info eslint-plugin-storybook version
[13:02:32.785] [INFO] base-generator-task: - Configuring main.ts
[13:02:32.785] [INFO] base-generator-task: - Configuring preview.ts
[13:02:32.786] [INFO] base-generator-task: - Adding Storybook command to package.json
[13:02:32.786] [DEBUG] Getting package.json info for /Users/andrewalfaro/Documents/GitHub/directus-frontend/package.json...
[13:02:32.786] [DEBUG] Using cached package.json for /Users/andrewalfaro/Documents/GitHub/directus-frontend/package.json...
[13:02:32.786] [DEBUG] Using cached package.json for /Users/andrewalfaro/Documents/GitHub/directus-frontend/package.json...
[13:02:32.787] [INFO] base-generator-task: - Copying framework templates
[13:02:32.804] [DEBUG] Executing command: npm config get registry -ws=false -iwr
[13:02:33.143] [INFO] base-generator-task-success: Storybook configuration generated
[13:02:33.144] [DEBUG] Using cached package.json for /Users/andrewalfaro/Documents/GitHub/directus-frontend/package.json...
[13:02:33.144] [DEBUG] Using cached installed version for vitest...
[13:02:33.144] [DEBUG] Getting installed version for @vitest/coverage-v8...
[13:02:33.144] [DEBUG] Executing command: npm ls --json --depth=99 2>/dev/null
[13:02:33.391] [DEBUG] Executing command: npm ls --json --depth=0 2>/dev/null
[13:02:33.632] [DEBUG] Error finding installations for @vitest/coverage-v8: ExecaError: Command failed with exit code 1: npm ls --json '--depth=0' '2>/dev/null'

{
  "version": "0.0.1",
  "name": "directus-frontend"
}
[13:02:33.632] [DEBUG] No installations found for @vitest/coverage-v8
[13:02:33.632] [DEBUG] Getting installed version for @vitest/coverage-istanbul...
[13:02:33.632] [DEBUG] Executing command: npm ls --json --depth=99 2>/dev/null
[13:02:33.874] [DEBUG] Executing command: npm ls --json --depth=0 2>/dev/null
[13:02:34.124] [DEBUG] Error finding installations for @vitest/coverage-istanbul: ExecaError: Command failed with exit code 1: npm ls --json '--depth=0' '2>/dev/null'

{
  "version": "0.0.1",
  "name": "directus-frontend"
}
[13:02:34.124] [DEBUG] No installations found for @vitest/coverage-istanbul
[13:02:34.124] [INFO] adding-dependencies-task-start: Adding dependencies to package.json
[13:02:34.124] [INFO] adding-dependencies-task: Adding devDependencies:
- storybook@^10.3.5
- @storybook/sveltekit@^10.3.5
- @storybook/addon-svelte-csf@^5.1.2
- @chromatic-com/storybook@^5.1.1
- @storybook/addon-vitest@^10.3.5
- @storybook/addon-a11y@^10.3.5
- @storybook/addon-docs@^10.3.5
- eslint-plugin-storybook@^10.3.5
- @vitest/coverage-v8@^4.1.3
[13:02:34.124] [DEBUG] Using cached package.json for /Users/andrewalfaro/Documents/GitHub/directus-frontend/package.json...
[13:02:34.124] [DEBUG] Using cached version for storybook...
[13:02:34.125] [DEBUG] Using cached version for @storybook/sveltekit...
[13:02:34.125] [DEBUG] Using cached version for @storybook/addon-svelte-csf...
[13:02:34.125] [DEBUG] Using cached version for @chromatic-com/storybook...
[13:02:34.125] [DEBUG] Using cached version for @storybook/addon-vitest...
[13:02:34.125] [DEBUG] Using cached version for @storybook/addon-a11y...
[13:02:34.125] [DEBUG] Using cached version for @storybook/addon-docs...
[13:02:34.125] [DEBUG] Using cached version for eslint-plugin-storybook...
[13:02:34.125] [DEBUG] Getting CLI versions from NPM for @vitest/coverage-v8...
[13:02:34.125] [DEBUG] Executing command: npm info @vitest/coverage-v8 version
[13:02:34.454] [DEBUG] Using cached package.json for /Users/andrewalfaro/Documents/GitHub/directus-frontend/package.json...
[13:02:34.455] [INFO] adding-dependencies-task-success: Dependencies added to package.json
[13:02:34.456] [INFO] configure-addons-task-start: Configuring addons...
[13:02:34.456] [INFO] configure-addons-task: Configuring @chromatic-com/storybook...
[13:02:34.456] [INFO] configure-addons-task: @chromatic-com/storybook configured

[13:02:34.456] [INFO] configure-addons-task: Configuring @storybook/addon-vitest...
[13:02:34.457] [DEBUG] Getting package.json info for /Users/andrewalfaro/Documents/GitHub/directus-frontend/package.json...
[13:02:34.457] [DEBUG] Using cached package.json for /Users/andrewalfaro/Documents/GitHub/directus-frontend/package.json...
[13:02:34.457] [DEBUG] Using cached installed version for vitest...
[13:02:34.457] [DEBUG] Vitest version specifier: 4.1.3
[13:02:34.512] [DEBUG] Using cached installed version for vitest...
[13:02:34.512] [DEBUG] Using cached installed version for msw...
[13:02:34.518] [INFO] Updating your Vite config file:
[13:02:34.518] [INFO]   /Users/andrewalfaro/Documents/GitHub/directus-frontend/vite.config.ts
[13:02:34.522] [INFO] Setting up a11y addon for @storybook/addon-vitest
[13:02:34.522] [INFO] Setting up a11y addon for @storybook/addon-vitest
[13:02:34.522] [DEBUG] Executing command: npx storybook@10.3.5 automigrate addon-a11y-addon-test --loglevel silent --yes --skip-doctor --package-manager npm --skip-install
[13:02:42.421] [INFO] a11y addon setup successfully
[13:02:42.421] [INFO] [32ma11y addon setup successfully[39m
[13:02:42.421] [INFO] [32m@storybook/addon-vitest setup completed successfully[39m
[13:02:42.421] [INFO] @storybook/addon-vitest is now configured and you're ready to run your tests!
Here are a couple of tips to get you started:

• You can run tests with "[36mnpx vitest --project=storybook[39m"
• Vitest IDE extension shows all stories as tests in your editor!

Check the documentation for more information about its features and options at:
https://storybook.js.org/docs/next/writing-tests/integrations/vitest-addon
[13:02:42.421] [INFO] configure-addons-task: @storybook/addon-vitest configured

[13:02:42.422] [INFO] configure-addons-task: Configuring @storybook/addon-a11y...
[13:02:42.422] [DEBUG] Executing command: npx storybook@10.3.5 automigrate addon-a11y-addon-test --loglevel silent --skip-doctor --yes --package-manager npm --config-dir .storybook
[13:03:16.427] [DEBUG] {
  "shortMessage": "Command was killed with SIGINT (User interruption with CTRL-C): npx 'storybook@10.3.5' automigrate addon-a11y-addon-test --loglevel silent --skip-doctor --yes --package-manager npm --config-dir .storybook",
  "command": "npx storybook@10.3.5 automigrate addon-a11y-addon-test --loglevel silent --skip-doctor --yes --package-manager npm --config-dir .storybook",
  "escapedCommand": "npx 'storybook@10.3.5' automigrate addon-a11y-addon-test --loglevel silent --skip-doctor --yes --package-manager npm --config-dir .storybook",
  "cwd": "/Users/andrewalfaro/Documents/GitHub/directus-frontend",
  "durationMs": 34004.662458,
  "failed": true,
  "timedOut": false,
  "isCanceled": false,
  "isGracefullyCanceled": false,
  "isTerminated": true,
  "isMaxBuffer": false,
  "isForcefullyTerminated": false,
  "signal": "SIGINT",
  "signalDescription": "User interruption with CTRL-C",
  "stdout": "",
  "stderr": "",
  "stdio": [
    null,
    "",
    ""
  ],
  "ipcOutput": [],
  "pipedFrom": []
}
[13:03:16.427] [INFO] configure-addons-task: Configuring @storybook/addon-docs...
[13:03:16.428] [INFO] configure-addons-task: @storybook/addon-docs configured

[13:03:16.429] [ERROR] configure-addons-task-error: Failed to configure addons
[13:03:16.429] [INFO] [2m✅ @chromatic-com/storybook[22m
[13:03:16.430] [INFO] [2m✅ @storybook/addon-vitest[22m
[13:03:16.430] [INFO] [2m❌ @storybook/addon-a11y[22m
[13:03:16.430] [INFO] [2m✅ @storybook/addon-docs[22m
[13:03:16.430] [INFO] Playwright browser binaries are necessary for @storybook/addon-vitest. The download can take some time. If you don't want to wait, you can skip the installation and run the following command manually later:
[36mnpx playwright install chromium --with-deps[39m
[13:03:16.890] [WARN] Storybook setup completed, but some non-blocking errors occurred. Please check the log file below for details.
[13:03:16.891] [INFO] To run Storybook manually, run [36mnpm run storybook[39m. CTRL+C to stop.
[13:03:16.892] [INFO] Want to learn more about Storybook? [36mhttps://storybook.js.org/[39m
Having trouble or want to chat? [36mhttps://discord.gg/storybook/[39m